Analysis & Synthesis report for ControlAscensor
Mon May 22 12:52:26 2023
Quartus II 64-Bit Version 13.0.1 Build 232 06/12/2013 Service Pack 1 SJ Web Edition


---------------------
; Table of Contents ;
---------------------
  1. Legal Notice
  2. Analysis & Synthesis Summary
  3. Analysis & Synthesis Settings
  4. Parallel Compilation
  5. Analysis & Synthesis Source Files Read
  6. Analysis & Synthesis Resource Usage Summary
  7. Analysis & Synthesis Resource Utilization by Entity
  8. Analysis & Synthesis IP Cores Summary
  9. General Register Statistics
 10. Parameter Settings for User Entity Instance: UP:UP|Pis:Pis|lpm_decode0:inst2|lpm_decode:LPM_DECODE_component
 11. Parameter Settings for User Entity Instance: UP:UP|Pis:Pis|lpm_counter1:inst1|lpm_counter:LPM_COUNTER_component
 12. Parameter Settings for User Entity Instance: UP:UP|Pis:Pis|lpm_counter0:inst|lpm_counter:LPM_COUNTER_component
 13. Elapsed Time Per Partition
 14. Analysis & Synthesis Messages



----------------
; Legal Notice ;
----------------
Copyright (C) 1991-2013 Altera Corporation
Your use of Altera Corporation's design tools, logic functions 
and other software and tools, and its AMPP partner logic 
functions, and any output files from any of the foregoing 
(including device programming or simulation files), and any 
associated documentation or information are expressly subject 
to the terms and conditions of the Altera Program License 
Subscription Agreement, Altera MegaCore Function License 
Agreement, or other applicable license agreement, including, 
without limitation, that your use is for the sole purpose of 
programming logic devices manufactured by Altera and sold by 
Altera or its authorized distributors.  Please refer to the 
applicable agreement for further details.



+--------------------------------------------------------------------------------------+
; Analysis & Synthesis Summary                                                         ;
+------------------------------------+-------------------------------------------------+
; Analysis & Synthesis Status        ; Successful - Mon May 22 12:52:26 2023           ;
; Quartus II 64-Bit Version          ; 13.0.1 Build 232 06/12/2013 SP 1 SJ Web Edition ;
; Revision Name                      ; ControlAscensor                                 ;
; Top-level Entity Name              ; ControlAscensor                                 ;
; Family                             ; Cyclone II                                      ;
; Total logic elements               ; 71                                              ;
;     Total combinational functions  ; 71                                              ;
;     Dedicated logic registers      ; 17                                              ;
; Total registers                    ; 17                                              ;
; Total pins                         ; 44                                              ;
; Total virtual pins                 ; 0                                               ;
; Total memory bits                  ; 0                                               ;
; Embedded Multiplier 9-bit elements ; 0                                               ;
; Total PLLs                         ; 0                                               ;
+------------------------------------+-------------------------------------------------+


+----------------------------------------------------------------------------------------------------------------------+
; Analysis & Synthesis Settings                                                                                        ;
+----------------------------------------------------------------------------+--------------------+--------------------+
; Option                                                                     ; Setting            ; Default Value      ;
+----------------------------------------------------------------------------+--------------------+--------------------+
; Device                                                                     ; EP2C35F672C6       ;                    ;
; Top-level entity name                                                      ; ControlAscensor    ; ControlAscensor    ;
; Family name                                                                ; Cyclone II         ; Cyclone IV GX      ;
; Use smart compilation                                                      ; Off                ; Off                ;
; Enable parallel Assembler and TimeQuest Timing Analyzer during compilation ; On                 ; On                 ;
; Enable compact report table                                                ; Off                ; Off                ;
; Restructure Multiplexers                                                   ; Auto               ; Auto               ;
; Create Debugging Nodes for IP Cores                                        ; Off                ; Off                ;
; Preserve fewer node names                                                  ; On                 ; On                 ;
; Disable OpenCore Plus hardware evaluation                                  ; Off                ; Off                ;
; Verilog Version                                                            ; Verilog_2001       ; Verilog_2001       ;
; VHDL Version                                                               ; VHDL_1993          ; VHDL_1993          ;
; State Machine Processing                                                   ; Auto               ; Auto               ;
; Safe State Machine                                                         ; Off                ; Off                ;
; Extract Verilog State Machines                                             ; On                 ; On                 ;
; Extract VHDL State Machines                                                ; On                 ; On                 ;
; Ignore Verilog initial constructs                                          ; Off                ; Off                ;
; Iteration limit for constant Verilog loops                                 ; 5000               ; 5000               ;
; Iteration limit for non-constant Verilog loops                             ; 250                ; 250                ;
; Add Pass-Through Logic to Inferred RAMs                                    ; On                 ; On                 ;
; Infer RAMs from Raw Logic                                                  ; On                 ; On                 ;
; Parallel Synthesis                                                         ; On                 ; On                 ;
; DSP Block Balancing                                                        ; Auto               ; Auto               ;
; NOT Gate Push-Back                                                         ; On                 ; On                 ;
; Power-Up Don't Care                                                        ; On                 ; On                 ;
; Remove Redundant Logic Cells                                               ; Off                ; Off                ;
; Remove Duplicate Registers                                                 ; On                 ; On                 ;
; Ignore CARRY Buffers                                                       ; Off                ; Off                ;
; Ignore CASCADE Buffers                                                     ; Off                ; Off                ;
; Ignore GLOBAL Buffers                                                      ; Off                ; Off                ;
; Ignore ROW GLOBAL Buffers                                                  ; Off                ; Off                ;
; Ignore LCELL Buffers                                                       ; Off                ; Off                ;
; Ignore SOFT Buffers                                                        ; On                 ; On                 ;
; Limit AHDL Integers to 32 Bits                                             ; Off                ; Off                ;
; Optimization Technique                                                     ; Balanced           ; Balanced           ;
; Carry Chain Length                                                         ; 70                 ; 70                 ;
; Auto Carry Chains                                                          ; On                 ; On                 ;
; Auto Open-Drain Pins                                                       ; On                 ; On                 ;
; Perform WYSIWYG Primitive Resynthesis                                      ; Off                ; Off                ;
; Auto ROM Replacement                                                       ; On                 ; On                 ;
; Auto RAM Replacement                                                       ; On                 ; On                 ;
; Auto Shift Register Replacement                                            ; Auto               ; Auto               ;
; Allow Shift Register Merging across Hierarchies                            ; Auto               ; Auto               ;
; Auto Clock Enable Replacement                                              ; On                 ; On                 ;
; Strict RAM Replacement                                                     ; Off                ; Off                ;
; Allow Synchronous Control Signals                                          ; On                 ; On                 ;
; Force Use of Synchronous Clear Signals                                     ; Off                ; Off                ;
; Auto RAM to Logic Cell Conversion                                          ; Off                ; Off                ;
; Auto Resource Sharing                                                      ; Off                ; Off                ;
; Allow Any RAM Size For Recognition                                         ; Off                ; Off                ;
; Allow Any ROM Size For Recognition                                         ; Off                ; Off                ;
; Allow Any Shift Register Size For Recognition                              ; Off                ; Off                ;
; Use LogicLock Constraints during Resource Balancing                        ; On                 ; On                 ;
; Ignore translate_off and synthesis_off directives                          ; Off                ; Off                ;
; Timing-Driven Synthesis                                                    ; Off                ; Off                ;
; Report Parameter Settings                                                  ; On                 ; On                 ;
; Report Source Assignments                                                  ; On                 ; On                 ;
; Report Connectivity Checks                                                 ; On                 ; On                 ;
; Ignore Maximum Fan-Out Assignments                                         ; Off                ; Off                ;
; Synchronization Register Chain Length                                      ; 2                  ; 2                  ;
; PowerPlay Power Optimization                                               ; Normal compilation ; Normal compilation ;
; HDL message level                                                          ; Level2             ; Level2             ;
; Suppress Register Optimization Related Messages                            ; Off                ; Off                ;
; Number of Removed Registers Reported in Synthesis Report                   ; 5000               ; 5000               ;
; Number of Swept Nodes Reported in Synthesis Report                         ; 5000               ; 5000               ;
; Number of Inverted Registers Reported in Synthesis Report                  ; 100                ; 100                ;
; Clock MUX Protection                                                       ; On                 ; On                 ;
; Auto Gated Clock Conversion                                                ; Off                ; Off                ;
; Block Design Naming                                                        ; Auto               ; Auto               ;
; SDC constraint protection                                                  ; Off                ; Off                ;
; Synthesis Effort                                                           ; Auto               ; Auto               ;
; Shift Register Replacement - Allow Asynchronous Clear Signal               ; On                 ; On                 ;
; Pre-Mapping Resynthesis Optimization                                       ; Off                ; Off                ;
; Analysis & Synthesis Message Level                                         ; Medium             ; Medium             ;
; Disable Register Merging Across Hierarchies                                ; Auto               ; Auto               ;
; Resource Aware Inference For Block RAM                                     ; On                 ; On                 ;
; Synthesis Seed                                                             ; 1                  ; 1                  ;
+----------------------------------------------------------------------------+--------------------+--------------------+


Parallel compilation was disabled, but you have multiple processors available. Enable parallel compilation to reduce compilation time.
+-------------------------------------+
; Parallel Compilation                ;
+----------------------------+--------+
; Processors                 ; Number ;
+----------------------------+--------+
; Number detected on machine ; 8      ;
; Maximum allowed            ; 1      ;
+----------------------------+--------+


+-------------------------------------------------------------------------------------------------------------------------------------------------------------------------------+
; Analysis & Synthesis Source Files Read                                                                                                                                        ;
+----------------------------------+-----------------+------------------------------------+---------------------------------------------------------------------------+---------+
; File Name with User-Entered Path ; Used in Netlist ; File Type                          ; File Name with Absolute Path                                              ; Library ;
+----------------------------------+-----------------+------------------------------------+---------------------------------------------------------------------------+---------+
; UC_MOV.bdf                       ; yes             ; User Block Diagram/Schematic File  ; U:/FCPract/FCPract/421_04/UC_MOV.bdf                                      ;         ;
; Display.bdf                      ; yes             ; User Block Diagram/Schematic File  ; U:/FCPract/FCPract/421_04/Display.bdf                                     ;         ;
; Obrir_Alliberar_1_bit.bdf        ; yes             ; User Block Diagram/Schematic File  ; U:/FCPract/FCPract/421_04/Obrir_Alliberar_1_bit.bdf                       ;         ;
; Obrir_Alliberar.bdf              ; yes             ; User Block Diagram/Schematic File  ; U:/FCPract/FCPract/421_04/Obrir_Alliberar.bdf                             ;         ;
; Senyals_UC_PP_avall.bdf          ; yes             ; User Block Diagram/Schematic File  ; U:/FCPract/FCPract/421_04/Senyals_UC_PP_avall.bdf                         ;         ;
; Senyals_UC_PP_amunt.bdf          ; yes             ; User Block Diagram/Schematic File  ; U:/FCPract/FCPract/421_04/Senyals_UC_PP_amunt.bdf                         ;         ;
; Senyals_UC.bdf                   ; yes             ; User Block Diagram/Schematic File  ; U:/FCPract/FCPract/421_04/Senyals_UC.bdf                                  ;         ;
; Senyals_UC_P.bdf                 ; yes             ; User Block Diagram/Schematic File  ; U:/FCPract/FCPract/421_04/Senyals_UC_P.bdf                                ;         ;
; FlipFlopD.bdf                    ; yes             ; User Block Diagram/Schematic File  ; U:/FCPract/FCPract/421_04/FlipFlopD.bdf                                   ;         ;
; UC_DIR.bdf                       ; yes             ; User Block Diagram/Schematic File  ; U:/FCPract/FCPract/421_04/UC_DIR.bdf                                      ;         ;
; Pisos_demanats_1_bit.bdf         ; yes             ; User Block Diagram/Schematic File  ; U:/FCPract/FCPract/421_04/Pisos_demanats_1_bit.bdf                        ;         ;
; Pisos_demanats.bdf               ; yes             ; User Block Diagram/Schematic File  ; U:/FCPract/FCPract/421_04/Pisos_demanats.bdf                              ;         ;
; lpm_counter0.vhd                 ; yes             ; User Wizard-Generated File         ; U:/FCPract/FCPract/421_04/lpm_counter0.vhd                                ;         ;
; lpm_counter1.vhd                 ; yes             ; User Wizard-Generated File         ; U:/FCPract/FCPract/421_04/lpm_counter1.vhd                                ;         ;
; lpm_decode0.vhd                  ; yes             ; User Wizard-Generated File         ; U:/FCPract/FCPract/421_04/lpm_decode0.vhd                                 ;         ;
; Pis.bdf                          ; yes             ; User Block Diagram/Schematic File  ; U:/FCPract/FCPract/421_04/Pis.bdf                                         ;         ;
; UP.bdf                           ; yes             ; User Block Diagram/Schematic File  ; U:/FCPract/FCPract/421_04/UP.bdf                                          ;         ;
; UC.bdf                           ; yes             ; User Block Diagram/Schematic File  ; U:/FCPract/FCPract/421_04/UC.bdf                                          ;         ;
; ControlAscensor.bdf              ; yes             ; User Block Diagram/Schematic File  ; U:/FCPract/FCPract/421_04/ControlAscensor.bdf                             ;         ;
; lpm_decode.tdf                   ; yes             ; Megafunction                       ; c:/altera/13.0sp1/quartus/libraries/megafunctions/lpm_decode.tdf          ;         ;
; declut.inc                       ; yes             ; Megafunction                       ; c:/altera/13.0sp1/quartus/libraries/megafunctions/declut.inc              ;         ;
; altshift.inc                     ; yes             ; Megafunction                       ; c:/altera/13.0sp1/quartus/libraries/megafunctions/altshift.inc            ;         ;
; lpm_compare.inc                  ; yes             ; Megafunction                       ; c:/altera/13.0sp1/quartus/libraries/megafunctions/lpm_compare.inc         ;         ;
; lpm_constant.inc                 ; yes             ; Megafunction                       ; c:/altera/13.0sp1/quartus/libraries/megafunctions/lpm_constant.inc        ;         ;
; aglobal130.inc                   ; yes             ; Megafunction                       ; c:/altera/13.0sp1/quartus/libraries/megafunctions/aglobal130.inc          ;         ;
; db/decode_s6f.tdf                ; yes             ; Auto-Generated Megafunction        ; U:/FCPract/FCPract/421_04/db/decode_s6f.tdf                               ;         ;
; lpm_counter.tdf                  ; yes             ; Megafunction                       ; c:/altera/13.0sp1/quartus/libraries/megafunctions/lpm_counter.tdf         ;         ;
; lpm_decode.inc                   ; yes             ; Megafunction                       ; c:/altera/13.0sp1/quartus/libraries/megafunctions/lpm_decode.inc          ;         ;
; lpm_add_sub.inc                  ; yes             ; Megafunction                       ; c:/altera/13.0sp1/quartus/libraries/megafunctions/lpm_add_sub.inc         ;         ;
; cmpconst.inc                     ; yes             ; Megafunction                       ; c:/altera/13.0sp1/quartus/libraries/megafunctions/cmpconst.inc            ;         ;
; lpm_counter.inc                  ; yes             ; Megafunction                       ; c:/altera/13.0sp1/quartus/libraries/megafunctions/lpm_counter.inc         ;         ;
; dffeea.inc                       ; yes             ; Megafunction                       ; c:/altera/13.0sp1/quartus/libraries/megafunctions/dffeea.inc              ;         ;
; alt_counter_stratix.inc          ; yes             ; Megafunction                       ; c:/altera/13.0sp1/quartus/libraries/megafunctions/alt_counter_stratix.inc ;         ;
; db/cntr_reh.tdf                  ; yes             ; Auto-Generated Megafunction        ; U:/FCPract/FCPract/421_04/db/cntr_reh.tdf                                 ;         ;
; db/cntr_a6j.tdf                  ; yes             ; Auto-Generated Megafunction        ; U:/FCPract/FCPract/421_04/db/cntr_a6j.tdf                                 ;         ;
+----------------------------------+-----------------+------------------------------------+---------------------------------------------------------------------------+---------+


+----------------------------------------------------------------------------------------------------------------------------------------------------+
; Analysis & Synthesis Resource Usage Summary                                                                                                        ;
+---------------------------------------------+------------------------------------------------------------------------------------------------------+
; Resource                                    ; Usage                                                                                                ;
+---------------------------------------------+------------------------------------------------------------------------------------------------------+
; Estimated Total logic elements              ; 71                                                                                                   ;
;                                             ;                                                                                                      ;
; Total combinational functions               ; 71                                                                                                   ;
; Logic element usage by number of LUT inputs ;                                                                                                      ;
;     -- 4 input functions                    ; 39                                                                                                   ;
;     -- 3 input functions                    ; 26                                                                                                   ;
;     -- <=2 input functions                  ; 6                                                                                                    ;
;                                             ;                                                                                                      ;
; Logic elements by mode                      ;                                                                                                      ;
;     -- normal mode                          ; 67                                                                                                   ;
;     -- arithmetic mode                      ; 4                                                                                                    ;
;                                             ;                                                                                                      ;
; Total registers                             ; 17                                                                                                   ;
;     -- Dedicated logic registers            ; 17                                                                                                   ;
;     -- I/O registers                        ; 0                                                                                                    ;
;                                             ;                                                                                                      ;
; I/O pins                                    ; 44                                                                                                   ;
; Embedded Multiplier 9-bit elements          ; 0                                                                                                    ;
; Maximum fan-out node                        ; UP:UP|Pis:Pis|lpm_counter1:inst1|lpm_counter:LPM_COUNTER_component|cntr_reh:auto_generated|safe_q[1] ;
; Maximum fan-out                             ; 26                                                                                                   ;
; Total fan-out                               ; 332                                                                                                  ;
; Average fan-out                             ; 2.52                                                                                                 ;
+---------------------------------------------+------------------------------------------------------------------------------------------------------+


+------------------------------------------------------------------------------------------------------------------------------------------------------------------------------------------------------------------------------------------------------------------------------------------+
; Analysis & Synthesis Resource Utilization by Entity                                                                                                                                                                                                                                      ;
+-------------------------------------------------+-------------------+--------------+-------------+--------------+---------+-----------+------+--------------+-------------------------------------------------------------------------------------------------------------+--------------+
; Compilation Hierarchy Node                      ; LC Combinationals ; LC Registers ; Memory Bits ; DSP Elements ; DSP 9x9 ; DSP 18x18 ; Pins ; Virtual Pins ; Full Hierarchy Name                                                                                         ; Library Name ;
+-------------------------------------------------+-------------------+--------------+-------------+--------------+---------+-----------+------+--------------+-------------------------------------------------------------------------------------------------------------+--------------+
; |ControlAscensor                                ; 71 (0)            ; 17 (0)       ; 0           ; 0            ; 0       ; 0         ; 44   ; 0            ; |ControlAscensor                                                                                            ; work         ;
;    |UC:UC|                                      ; 14 (0)            ; 4 (0)        ; 0           ; 0            ; 0       ; 0         ; 0    ; 0            ; |ControlAscensor|UC:UC                                                                                      ; work         ;
;       |UC_DIR:UC_DIR|                           ; 1 (1)             ; 1 (0)        ; 0           ; 0            ; 0       ; 0         ; 0    ; 0            ; |ControlAscensor|UC:UC|UC_DIR:UC_DIR                                                                        ; work         ;
;          |FlipFlopD:inst|                       ; 0 (0)             ; 1 (1)        ; 0           ; 0            ; 0       ; 0         ; 0    ; 0            ; |ControlAscensor|UC:UC|UC_DIR:UC_DIR|FlipFlopD:inst                                                         ; work         ;
;       |UC_MOV:UC_MOV|                           ; 13 (13)           ; 3 (3)        ; 0           ; 0            ; 0       ; 0         ; 0    ; 0            ; |ControlAscensor|UC:UC|UC_MOV:UC_MOV                                                                        ; work         ;
;    |UP:UP|                                      ; 57 (0)            ; 13 (0)       ; 0           ; 0            ; 0       ; 0         ; 0    ; 0            ; |ControlAscensor|UP:UP                                                                                      ; work         ;
;       |Display:Display|                         ; 6 (6)             ; 0 (0)        ; 0           ; 0            ; 0       ; 0         ; 0    ; 0            ; |ControlAscensor|UP:UP|Display:Display                                                                      ; work         ;
;       |Obrir_Alliberar:Obrir_Alliberar|         ; 8 (0)             ; 0 (0)        ; 0           ; 0            ; 0       ; 0         ; 0    ; 0            ; |ControlAscensor|UP:UP|Obrir_Alliberar:Obrir_Alliberar                                                      ; work         ;
;          |Obrir_Alliberar_1_bit:inst1|          ; 1 (1)             ; 0 (0)        ; 0           ; 0            ; 0       ; 0         ; 0    ; 0            ; |ControlAscensor|UP:UP|Obrir_Alliberar:Obrir_Alliberar|Obrir_Alliberar_1_bit:inst1                          ; work         ;
;          |Obrir_Alliberar_1_bit:inst2|          ; 1 (1)             ; 0 (0)        ; 0           ; 0            ; 0       ; 0         ; 0    ; 0            ; |ControlAscensor|UP:UP|Obrir_Alliberar:Obrir_Alliberar|Obrir_Alliberar_1_bit:inst2                          ; work         ;
;          |Obrir_Alliberar_1_bit:inst3|          ; 1 (1)             ; 0 (0)        ; 0           ; 0            ; 0       ; 0         ; 0    ; 0            ; |ControlAscensor|UP:UP|Obrir_Alliberar:Obrir_Alliberar|Obrir_Alliberar_1_bit:inst3                          ; work         ;
;          |Obrir_Alliberar_1_bit:inst4|          ; 1 (1)             ; 0 (0)        ; 0           ; 0            ; 0       ; 0         ; 0    ; 0            ; |ControlAscensor|UP:UP|Obrir_Alliberar:Obrir_Alliberar|Obrir_Alliberar_1_bit:inst4                          ; work         ;
;          |Obrir_Alliberar_1_bit:inst5|          ; 1 (1)             ; 0 (0)        ; 0           ; 0            ; 0       ; 0         ; 0    ; 0            ; |ControlAscensor|UP:UP|Obrir_Alliberar:Obrir_Alliberar|Obrir_Alliberar_1_bit:inst5                          ; work         ;
;          |Obrir_Alliberar_1_bit:inst6|          ; 1 (1)             ; 0 (0)        ; 0           ; 0            ; 0       ; 0         ; 0    ; 0            ; |ControlAscensor|UP:UP|Obrir_Alliberar:Obrir_Alliberar|Obrir_Alliberar_1_bit:inst6                          ; work         ;
;          |Obrir_Alliberar_1_bit:inst7|          ; 1 (1)             ; 0 (0)        ; 0           ; 0            ; 0       ; 0         ; 0    ; 0            ; |ControlAscensor|UP:UP|Obrir_Alliberar:Obrir_Alliberar|Obrir_Alliberar_1_bit:inst7                          ; work         ;
;          |Obrir_Alliberar_1_bit:inst|           ; 1 (1)             ; 0 (0)        ; 0           ; 0            ; 0       ; 0         ; 0    ; 0            ; |ControlAscensor|UP:UP|Obrir_Alliberar:Obrir_Alliberar|Obrir_Alliberar_1_bit:inst                           ; work         ;
;       |Pis:Pis|                                 ; 15 (1)            ; 5 (0)        ; 0           ; 0            ; 0       ; 0         ; 0    ; 0            ; |ControlAscensor|UP:UP|Pis:Pis                                                                              ; work         ;
;          |lpm_counter0:inst|                    ; 3 (0)             ; 2 (0)        ; 0           ; 0            ; 0       ; 0         ; 0    ; 0            ; |ControlAscensor|UP:UP|Pis:Pis|lpm_counter0:inst                                                            ; work         ;
;             |lpm_counter:LPM_COUNTER_component| ; 3 (0)             ; 2 (0)        ; 0           ; 0            ; 0       ; 0         ; 0    ; 0            ; |ControlAscensor|UP:UP|Pis:Pis|lpm_counter0:inst|lpm_counter:LPM_COUNTER_component                          ; work         ;
;                |cntr_a6j:auto_generated|        ; 3 (3)             ; 2 (2)        ; 0           ; 0            ; 0       ; 0         ; 0    ; 0            ; |ControlAscensor|UP:UP|Pis:Pis|lpm_counter0:inst|lpm_counter:LPM_COUNTER_component|cntr_a6j:auto_generated  ; work         ;
;          |lpm_counter1:inst1|                   ; 3 (0)             ; 3 (0)        ; 0           ; 0            ; 0       ; 0         ; 0    ; 0            ; |ControlAscensor|UP:UP|Pis:Pis|lpm_counter1:inst1                                                           ; work         ;
;             |lpm_counter:LPM_COUNTER_component| ; 3 (0)             ; 3 (0)        ; 0           ; 0            ; 0       ; 0         ; 0    ; 0            ; |ControlAscensor|UP:UP|Pis:Pis|lpm_counter1:inst1|lpm_counter:LPM_COUNTER_component                         ; work         ;
;                |cntr_reh:auto_generated|        ; 3 (3)             ; 3 (3)        ; 0           ; 0            ; 0       ; 0         ; 0    ; 0            ; |ControlAscensor|UP:UP|Pis:Pis|lpm_counter1:inst1|lpm_counter:LPM_COUNTER_component|cntr_reh:auto_generated ; work         ;
;          |lpm_decode0:inst2|                    ; 8 (0)             ; 0 (0)        ; 0           ; 0            ; 0       ; 0         ; 0    ; 0            ; |ControlAscensor|UP:UP|Pis:Pis|lpm_decode0:inst2                                                            ; work         ;
;             |lpm_decode:LPM_DECODE_component|   ; 8 (0)             ; 0 (0)        ; 0           ; 0            ; 0       ; 0         ; 0    ; 0            ; |ControlAscensor|UP:UP|Pis:Pis|lpm_decode0:inst2|lpm_decode:LPM_DECODE_component                            ; work         ;
;                |decode_s6f:auto_generated|      ; 8 (8)             ; 0 (0)        ; 0           ; 0            ; 0       ; 0         ; 0    ; 0            ; |ControlAscensor|UP:UP|Pis:Pis|lpm_decode0:inst2|lpm_decode:LPM_DECODE_component|decode_s6f:auto_generated  ; work         ;
;       |Pisos_demanats:Pisos_demanats|           ; 8 (0)             ; 8 (0)        ; 0           ; 0            ; 0       ; 0         ; 0    ; 0            ; |ControlAscensor|UP:UP|Pisos_demanats:Pisos_demanats                                                        ; work         ;
;          |Pisos_demanats_1_bit:inst2|           ; 1 (1)             ; 1 (1)        ; 0           ; 0            ; 0       ; 0         ; 0    ; 0            ; |ControlAscensor|UP:UP|Pisos_demanats:Pisos_demanats|Pisos_demanats_1_bit:inst2                             ; work         ;
;          |Pisos_demanats_1_bit:inst3|           ; 1 (1)             ; 1 (1)        ; 0           ; 0            ; 0       ; 0         ; 0    ; 0            ; |ControlAscensor|UP:UP|Pisos_demanats:Pisos_demanats|Pisos_demanats_1_bit:inst3                             ; work         ;
;          |Pisos_demanats_1_bit:inst4|           ; 1 (1)             ; 1 (1)        ; 0           ; 0            ; 0       ; 0         ; 0    ; 0            ; |ControlAscensor|UP:UP|Pisos_demanats:Pisos_demanats|Pisos_demanats_1_bit:inst4                             ; work         ;
;          |Pisos_demanats_1_bit:inst5|           ; 1 (1)             ; 1 (1)        ; 0           ; 0            ; 0       ; 0         ; 0    ; 0            ; |ControlAscensor|UP:UP|Pisos_demanats:Pisos_demanats|Pisos_demanats_1_bit:inst5                             ; work         ;
;          |Pisos_demanats_1_bit:inst6|           ; 1 (1)             ; 1 (1)        ; 0           ; 0            ; 0       ; 0         ; 0    ; 0            ; |ControlAscensor|UP:UP|Pisos_demanats:Pisos_demanats|Pisos_demanats_1_bit:inst6                             ; work         ;
;          |Pisos_demanats_1_bit:inst8|           ; 1 (1)             ; 1 (1)        ; 0           ; 0            ; 0       ; 0         ; 0    ; 0            ; |ControlAscensor|UP:UP|Pisos_demanats:Pisos_demanats|Pisos_demanats_1_bit:inst8                             ; work         ;
;          |Pisos_demanats_1_bit:inst9|           ; 1 (1)             ; 1 (1)        ; 0           ; 0            ; 0       ; 0         ; 0    ; 0            ; |ControlAscensor|UP:UP|Pisos_demanats:Pisos_demanats|Pisos_demanats_1_bit:inst9                             ; work         ;
;          |Pisos_demanats_1_bit:inst|            ; 1 (1)             ; 1 (1)        ; 0           ; 0            ; 0       ; 0         ; 0    ; 0            ; |ControlAscensor|UP:UP|Pisos_demanats:Pisos_demanats|Pisos_demanats_1_bit:inst                              ; work         ;
;       |Senyals_UC:inst|                         ; 20 (0)            ; 0 (0)        ; 0           ; 0            ; 0       ; 0         ; 0    ; 0            ; |ControlAscensor|UP:UP|Senyals_UC:inst                                                                      ; work         ;
;          |Senyals_UC_P:inst2|                   ; 6 (6)             ; 0 (0)        ; 0           ; 0            ; 0       ; 0         ; 0    ; 0            ; |ControlAscensor|UP:UP|Senyals_UC:inst|Senyals_UC_P:inst2                                                   ; work         ;
;          |Senyals_UC_PP_amunt:inst1|            ; 7 (7)             ; 0 (0)        ; 0           ; 0            ; 0       ; 0         ; 0    ; 0            ; |ControlAscensor|UP:UP|Senyals_UC:inst|Senyals_UC_PP_amunt:inst1                                            ; work         ;
;          |Senyals_UC_PP_avall:inst|             ; 7 (7)             ; 0 (0)        ; 0           ; 0            ; 0       ; 0         ; 0    ; 0            ; |ControlAscensor|UP:UP|Senyals_UC:inst|Senyals_UC_PP_avall:inst                                             ; work         ;
+-------------------------------------------------+-------------------+--------------+-------------+--------------+---------+-----------+------+--------------+-------------------------------------------------------------------------------------------------------------+--------------+
Note: For table entries with two numbers listed, the numbers in parentheses indicate the number of resources of the given type used by the specific entity alone. The numbers listed outside of parentheses indicate the total resources of the given type used by the specific entity and all of its sub-entities in the hierarchy.


+----------------------------------------------------------------------------------------------------------------------------------------------------------------+
; Analysis & Synthesis IP Cores Summary                                                                                                                          ;
+--------+--------------+---------+--------------+--------------+---------------------------------------------------+--------------------------------------------+
; Vendor ; IP Core Name ; Version ; Release Date ; License Type ; Entity Instance                                   ; IP Include File                            ;
+--------+--------------+---------+--------------+--------------+---------------------------------------------------+--------------------------------------------+
; Altera ; LPM_COUNTER  ; 13.0    ; N/A          ; N/A          ; |ControlAscensor|UP:UP|Pis:Pis|lpm_counter0:inst  ; U:/FCPract/FCPract/421_04/lpm_counter0.vhd ;
; Altera ; LPM_COUNTER  ; 13.0    ; N/A          ; N/A          ; |ControlAscensor|UP:UP|Pis:Pis|lpm_counter1:inst1 ; U:/FCPract/FCPract/421_04/lpm_counter1.vhd ;
; Altera ; LPM_DECODE   ; 13.0    ; N/A          ; N/A          ; |ControlAscensor|UP:UP|Pis:Pis|lpm_decode0:inst2  ; U:/FCPract/FCPract/421_04/lpm_decode0.vhd  ;
+--------+--------------+---------+--------------+--------------+---------------------------------------------------+--------------------------------------------+


+------------------------------------------------------+
; General Register Statistics                          ;
+----------------------------------------------+-------+
; Statistic                                    ; Value ;
+----------------------------------------------+-------+
; Total registers                              ; 17    ;
; Number of registers using Synchronous Clear  ; 0     ;
; Number of registers using Synchronous Load   ; 0     ;
; Number of registers using Asynchronous Clear ; 17    ;
; Number of registers using Asynchronous Load  ; 0     ;
; Number of registers using Clock Enable       ; 5     ;
; Number of registers using Preset             ; 0     ;
+----------------------------------------------+-------+


+--------------------------------------------------------------------------------------------------------------+
; Parameter Settings for User Entity Instance: UP:UP|Pis:Pis|lpm_decode0:inst2|lpm_decode:LPM_DECODE_component ;
+------------------------+------------+------------------------------------------------------------------------+
; Parameter Name         ; Value      ; Type                                                                   ;
+------------------------+------------+------------------------------------------------------------------------+
; LPM_WIDTH              ; 3          ; Signed Integer                                                         ;
; LPM_DECODES            ; 8          ; Signed Integer                                                         ;
; LPM_PIPELINE           ; 0          ; Untyped                                                                ;
; CASCADE_CHAIN          ; MANUAL     ; Untyped                                                                ;
; DEVICE_FAMILY          ; Cyclone II ; Untyped                                                                ;
; CBXI_PARAMETER         ; decode_s6f ; Untyped                                                                ;
; AUTO_CARRY_CHAINS      ; ON         ; AUTO_CARRY                                                             ;
; IGNORE_CARRY_BUFFERS   ; OFF        ; IGNORE_CARRY                                                           ;
; AUTO_CASCADE_CHAINS    ; ON         ; AUTO_CASCADE                                                           ;
; IGNORE_CASCADE_BUFFERS ; OFF        ; IGNORE_CASCADE                                                         ;
+------------------------+------------+------------------------------------------------------------------------+
Note: In order to hide this table in the UI and the text report file, please set the "Show Parameter Settings in Synthesis Report" option in "Analysis and Synthesis Settings -> More Settings" to "Off".


+-----------------------------------------------------------------------------------------------------------------+
; Parameter Settings for User Entity Instance: UP:UP|Pis:Pis|lpm_counter1:inst1|lpm_counter:LPM_COUNTER_component ;
+------------------------+------------+---------------------------------------------------------------------------+
; Parameter Name         ; Value      ; Type                                                                      ;
+------------------------+------------+---------------------------------------------------------------------------+
; AUTO_CARRY_CHAINS      ; ON         ; AUTO_CARRY                                                                ;
; IGNORE_CARRY_BUFFERS   ; OFF        ; IGNORE_CARRY                                                              ;
; AUTO_CASCADE_CHAINS    ; ON         ; AUTO_CASCADE                                                              ;
; IGNORE_CASCADE_BUFFERS ; OFF        ; IGNORE_CASCADE                                                            ;
; LPM_WIDTH              ; 3          ; Signed Integer                                                            ;
; LPM_DIRECTION          ; DEFAULT    ; Untyped                                                                   ;
; LPM_MODULUS            ; 0          ; Untyped                                                                   ;
; LPM_AVALUE             ; UNUSED     ; Untyped                                                                   ;
; LPM_SVALUE             ; UNUSED     ; Untyped                                                                   ;
; LPM_PORT_UPDOWN        ; PORT_USED  ; Untyped                                                                   ;
; DEVICE_FAMILY          ; Cyclone II ; Untyped                                                                   ;
; CARRY_CHAIN            ; MANUAL     ; Untyped                                                                   ;
; CARRY_CHAIN_LENGTH     ; 48         ; CARRY_CHAIN_LENGTH                                                        ;
; NOT_GATE_PUSH_BACK     ; ON         ; NOT_GATE_PUSH_BACK                                                        ;
; CARRY_CNT_EN           ; SMART      ; Untyped                                                                   ;
; LABWIDE_SCLR           ; ON         ; Untyped                                                                   ;
; USE_NEW_VERSION        ; TRUE       ; Untyped                                                                   ;
; CBXI_PARAMETER         ; cntr_reh   ; Untyped                                                                   ;
+------------------------+------------+---------------------------------------------------------------------------+
Note: In order to hide this table in the UI and the text report file, please set the "Show Parameter Settings in Synthesis Report" option in "Analysis and Synthesis Settings -> More Settings" to "Off".


+----------------------------------------------------------------------------------------------------------------+
; Parameter Settings for User Entity Instance: UP:UP|Pis:Pis|lpm_counter0:inst|lpm_counter:LPM_COUNTER_component ;
+------------------------+-------------+-------------------------------------------------------------------------+
; Parameter Name         ; Value       ; Type                                                                    ;
+------------------------+-------------+-------------------------------------------------------------------------+
; AUTO_CARRY_CHAINS      ; ON          ; AUTO_CARRY                                                              ;
; IGNORE_CARRY_BUFFERS   ; OFF         ; IGNORE_CARRY                                                            ;
; AUTO_CASCADE_CHAINS    ; ON          ; AUTO_CASCADE                                                            ;
; IGNORE_CASCADE_BUFFERS ; OFF         ; IGNORE_CASCADE                                                          ;
; LPM_WIDTH              ; 2           ; Signed Integer                                                          ;
; LPM_DIRECTION          ; UP          ; Untyped                                                                 ;
; LPM_MODULUS            ; 0           ; Untyped                                                                 ;
; LPM_AVALUE             ; UNUSED      ; Untyped                                                                 ;
; LPM_SVALUE             ; UNUSED      ; Untyped                                                                 ;
; LPM_PORT_UPDOWN        ; PORT_UNUSED ; Untyped                                                                 ;
; DEVICE_FAMILY          ; Cyclone II  ; Untyped                                                                 ;
; CARRY_CHAIN            ; MANUAL      ; Untyped                                                                 ;
; CARRY_CHAIN_LENGTH     ; 48          ; CARRY_CHAIN_LENGTH                                                      ;
; NOT_GATE_PUSH_BACK     ; ON          ; NOT_GATE_PUSH_BACK                                                      ;
; CARRY_CNT_EN           ; SMART       ; Untyped                                                                 ;
; LABWIDE_SCLR           ; ON          ; Untyped                                                                 ;
; USE_NEW_VERSION        ; TRUE        ; Untyped                                                                 ;
; CBXI_PARAMETER         ; cntr_a6j    ; Untyped                                                                 ;
+------------------------+-------------+-------------------------------------------------------------------------+
Note: In order to hide this table in the UI and the text report file, please set the "Show Parameter Settings in Synthesis Report" option in "Analysis and Synthesis Settings -> More Settings" to "Off".


+-------------------------------+
; Elapsed Time Per Partition    ;
+----------------+--------------+
; Partition Name ; Elapsed Time ;
+----------------+--------------+
; Top            ; 00:00:00     ;
+----------------+--------------+


+-------------------------------+
; Analysis & Synthesis Messages ;
+-------------------------------+
Info: *******************************************************************
Info: Running Quartus II 64-Bit Analysis & Synthesis
    Info: Version 13.0.1 Build 232 06/12/2013 Service Pack 1 SJ Web Edition
    Info: Processing started: Mon May 22 12:52:24 2023
Info: Command: quartus_map --read_settings_files=on --write_settings_files=off ControlAscensor -c ControlAscensor
Warning (20028): Parallel compilation is not licensed and has been disabled
Info (12021): Found 1 design units, including 1 entities, in source file uc_mov.bdf
    Info (12023): Found entity 1: UC_MOV
Info (12021): Found 1 design units, including 1 entities, in source file display.bdf
    Info (12023): Found entity 1: Display
Info (12021): Found 1 design units, including 1 entities, in source file obrir_alliberar_1_bit.bdf
    Info (12023): Found entity 1: Obrir_Alliberar_1_bit
Info (12021): Found 1 design units, including 1 entities, in source file obrir_alliberar.bdf
    Info (12023): Found entity 1: Obrir_Alliberar
Info (12021): Found 1 design units, including 1 entities, in source file senyals_uc_pp_avall.bdf
    Info (12023): Found entity 1: Senyals_UC_PP_avall
Info (12021): Found 1 design units, including 1 entities, in source file senyals_uc_pp_amunt.bdf
    Info (12023): Found entity 1: Senyals_UC_PP_amunt
Info (12021): Found 1 design units, including 1 entities, in source file senyals_uc.bdf
    Info (12023): Found entity 1: Senyals_UC
Info (12021): Found 1 design units, including 1 entities, in source file senyals_uc_p.bdf
    Info (12023): Found entity 1: Senyals_UC_P
Info (12021): Found 1 design units, including 1 entities, in source file flipflopd.bdf
    Info (12023): Found entity 1: FlipFlopD
Info (12021): Found 1 design units, including 1 entities, in source file uc_dir.bdf
    Info (12023): Found entity 1: UC_DIR
Info (12021): Found 1 design units, including 1 entities, in source file pisos_demanats_1_bit.bdf
    Info (12023): Found entity 1: Pisos_demanats_1_bit
Info (12021): Found 1 design units, including 1 entities, in source file pisos_demanats.bdf
    Info (12023): Found entity 1: Pisos_demanats
Info (12021): Found 2 design units, including 1 entities, in source file lpm_counter0.vhd
    Info (12022): Found design unit 1: lpm_counter0-SYN
    Info (12023): Found entity 1: lpm_counter0
Info (12021): Found 2 design units, including 1 entities, in source file lpm_counter1.vhd
    Info (12022): Found design unit 1: lpm_counter1-SYN
    Info (12023): Found entity 1: lpm_counter1
Info (12021): Found 2 design units, including 1 entities, in source file lpm_decode0.vhd
    Info (12022): Found design unit 1: lpm_decode0-SYN
    Info (12023): Found entity 1: lpm_decode0
Info (12021): Found 1 design units, including 1 entities, in source file pis.bdf
    Info (12023): Found entity 1: Pis
Info (12021): Found 1 design units, including 1 entities, in source file up.bdf
    Info (12023): Found entity 1: UP
Info (12021): Found 1 design units, including 1 entities, in source file uc.bdf
    Info (12023): Found entity 1: UC
Info (12021): Found 1 design units, including 1 entities, in source file controlascensor.bdf
    Info (12023): Found entity 1: ControlAscensor
Info (12127): Elaborating entity "ControlAscensor" for the top level hierarchy
Info (12128): Elaborating entity "UC" for hierarchy "UC:UC"
Info (12128): Elaborating entity "UC_DIR" for hierarchy "UC:UC|UC_DIR:UC_DIR"
Info (12128): Elaborating entity "FlipFlopD" for hierarchy "UC:UC|UC_DIR:UC_DIR|FlipFlopD:inst"
Info (12128): Elaborating entity "UC_MOV" for hierarchy "UC:UC|UC_MOV:UC_MOV"
Info (12128): Elaborating entity "UP" for hierarchy "UP:UP"
Info (12128): Elaborating entity "Senyals_UC" for hierarchy "UP:UP|Senyals_UC:inst"
Info (12128): Elaborating entity "Senyals_UC_P" for hierarchy "UP:UP|Senyals_UC:inst|Senyals_UC_P:inst2"
Info (12128): Elaborating entity "Senyals_UC_PP_avall" for hierarchy "UP:UP|Senyals_UC:inst|Senyals_UC_PP_avall:inst"
Info (12128): Elaborating entity "Senyals_UC_PP_amunt" for hierarchy "UP:UP|Senyals_UC:inst|Senyals_UC_PP_amunt:inst1"
Info (12128): Elaborating entity "Pis" for hierarchy "UP:UP|Pis:Pis"
Info (12128): Elaborating entity "lpm_decode0" for hierarchy "UP:UP|Pis:Pis|lpm_decode0:inst2"
Info (12128): Elaborating entity "lpm_decode" for hierarchy "UP:UP|Pis:Pis|lpm_decode0:inst2|lpm_decode:LPM_DECODE_component"
Info (12130): Elaborated megafunction instantiation "UP:UP|Pis:Pis|lpm_decode0:inst2|lpm_decode:LPM_DECODE_component"
Info (12133): Instantiated megafunction "UP:UP|Pis:Pis|lpm_decode0:inst2|lpm_decode:LPM_DECODE_component" with the following parameter:
    Info (12134): Parameter "lpm_decodes" = "8"
    Info (12134): Parameter "lpm_type" = "LPM_DECODE"
    Info (12134): Parameter "lpm_width" = "3"
Info (12021): Found 1 design units, including 1 entities, in source file db/decode_s6f.tdf
    Info (12023): Found entity 1: decode_s6f
Info (12128): Elaborating entity "decode_s6f" for hierarchy "UP:UP|Pis:Pis|lpm_decode0:inst2|lpm_decode:LPM_DECODE_component|decode_s6f:auto_generated"
Info (12128): Elaborating entity "lpm_counter1" for hierarchy "UP:UP|Pis:Pis|lpm_counter1:inst1"
Info (12128): Elaborating entity "lpm_counter" for hierarchy "UP:UP|Pis:Pis|lpm_counter1:inst1|lpm_counter:LPM_COUNTER_component"
Info (12130): Elaborated megafunction instantiation "UP:UP|Pis:Pis|lpm_counter1:inst1|lpm_counter:LPM_COUNTER_component"
Info (12133): Instantiated megafunction "UP:UP|Pis:Pis|lpm_counter1:inst1|lpm_counter:LPM_COUNTER_component" with the following parameter:
    Info (12134): Parameter "lpm_direction" = "UNUSED"
    Info (12134): Parameter "lpm_port_updown" = "PORT_USED"
    Info (12134): Parameter "lpm_type" = "LPM_COUNTER"
    Info (12134): Parameter "lpm_width" = "3"
Info (12021): Found 1 design units, including 1 entities, in source file db/cntr_reh.tdf
    Info (12023): Found entity 1: cntr_reh
Info (12128): Elaborating entity "cntr_reh" for hierarchy "UP:UP|Pis:Pis|lpm_counter1:inst1|lpm_counter:LPM_COUNTER_component|cntr_reh:auto_generated"
Info (12128): Elaborating entity "lpm_counter0" for hierarchy "UP:UP|Pis:Pis|lpm_counter0:inst"
Info (12128): Elaborating entity "lpm_counter" for hierarchy "UP:UP|Pis:Pis|lpm_counter0:inst|lpm_counter:LPM_COUNTER_component"
Info (12130): Elaborated megafunction instantiation "UP:UP|Pis:Pis|lpm_counter0:inst|lpm_counter:LPM_COUNTER_component"
Info (12133): Instantiated megafunction "UP:UP|Pis:Pis|lpm_counter0:inst|lpm_counter:LPM_COUNTER_component" with the following parameter:
    Info (12134): Parameter "lpm_direction" = "UP"
    Info (12134): Parameter "lpm_port_updown" = "PORT_UNUSED"
    Info (12134): Parameter "lpm_type" = "LPM_COUNTER"
    Info (12134): Parameter "lpm_width" = "2"
Info (12021): Found 1 design units, including 1 entities, in source file db/cntr_a6j.tdf
    Info (12023): Found entity 1: cntr_a6j
Info (12128): Elaborating entity "cntr_a6j" for hierarchy "UP:UP|Pis:Pis|lpm_counter0:inst|lpm_counter:LPM_COUNTER_component|cntr_a6j:auto_generated"
Info (12128): Elaborating entity "Pisos_demanats" for hierarchy "UP:UP|Pisos_demanats:Pisos_demanats"
Info (12128): Elaborating entity "Pisos_demanats_1_bit" for hierarchy "UP:UP|Pisos_demanats:Pisos_demanats|Pisos_demanats_1_bit:inst"
Info (12128): Elaborating entity "Obrir_Alliberar" for hierarchy "UP:UP|Obrir_Alliberar:Obrir_Alliberar"
Info (12128): Elaborating entity "Obrir_Alliberar_1_bit" for hierarchy "UP:UP|Obrir_Alliberar:Obrir_Alliberar|Obrir_Alliberar_1_bit:inst"
Info (12128): Elaborating entity "Display" for hierarchy "UP:UP|Display:Display"
Info (16010): Generating hard_block partition "hard_block:auto_generated_inst"
    Info (16011): Adding 0 node(s), including 0 DDIO, 0 PLL, 0 transceiver and 0 LCELL
Info (21057): Implemented 115 device resources after synthesis - the final resource count might be different
    Info (21058): Implemented 11 input pins
    Info (21059): Implemented 33 output pins
    Info (21061): Implemented 71 logic cells
Info: Quartus II 64-Bit Analysis & Synthesis was successful. 0 errors, 1 warning
    Info: Peak virtual memory: 4656 megabytes
    Info: Processing ended: Mon May 22 12:52:26 2023
    Info: Elapsed time: 00:00:02
    Info: Total CPU time (on all processors): 00:00:02


